<?xml version="1.0" encoding="UTF-8"?>
<testsuite xmlns:xsi="http://www.w3.org/2001/XMLSchema-instance" xsi:noNamespaceSchemaLocation="https://maven.apache.org/surefire/maven-surefire-plugin/xsd/surefire-test-report-3.0.xsd" version="3.0" name="com.waveguide.WaveguideManagementSystemApplicationTests" time="0.745" tests="1" errors="0" skipped="0" failures="0">
  <properties>
[...]
</properties>
  <testcase name="contextLoads" classname="com.waveguide.WaveguideManagementSystemApplicationTests" time="0.002">
    <system-out><![CDATA[2025-05-22 18:52:06 [main] INFO  o.s.t.c.s.AnnotationConfigContextLoaderUtils - Could not detect default configuration classes for test class [com.waveguide.WaveguideManagementSystemApplicationTests]: WaveguideManagementSystemApplicationTests does not declare any static, non-private, non-final, nested classes annotated with @Configuration.
2025-05-22 18:52:06 [main] INFO  o.s.b.t.c.SpringBootTestContextBootstrapper - Found @SpringBootConfiguration com.waveguide.WaveguideManagementSystemApplication for test class com.waveguide.WaveguideManagementSystemApplicationTests

  .   ____          _            __ _ _
 /\\ / ___'_ __ _ _(_)_ __  __ _ \ \ \ \
( ( )\___ | '_ | '_| | '_ \/ _` | \ \ \ \
 \\/  ___)| |_)| | | | | || (_| |  ) ) ) )
  '  |____| .__|_| |_|_| |_\__, | / / / /
 =========|_|==============|___/=/_/_/_/
 :: Spring Boot ::                (v3.1.5)

2025-05-22 18:52:06 [main] INFO  c.w.WaveguideManagementSystemApplicationTests - Starting WaveguideManagementSystemApplicationTests using Java 23.0.1 with PID 768 (started by adush in D:\Unic\4 sem\Java\Pen_2\project7)
2025-05-22 18:52:06 [main] DEBUG c.w.WaveguideManagementSystemApplicationTests - Running with Spring Boot v3.1.5, Spring v6.0.13
2025-05-22 18:52:06 [main] INFO  c.w.WaveguideManagementSystemApplicationTests - The following 1 profile is active: "test"
2025-05-22 18:52:06 [main] DEBUG o.s.w.c.s.GenericWebApplicationContext - Refreshing org.springframework.web.context.support.GenericWebApplicationContext@3132f2c1
2025-05-22 18:52:06 [main] INFO  o.s.d.r.c.RepositoryConfigurationDelegate - Bootstrapping Spring Data JPA repositories in DEFAULT mode.
2025-05-22 18:52:06 [main] INFO  o.s.d.r.c.RepositoryConfigurationDelegate - Finished Spring Data repository scanning in 10 ms. Found 4 JPA repository interfaces.
2025-05-22 18:52:06 [main] INFO  o.h.jpa.internal.util.LogHelper - HHH000204: Processing PersistenceUnitInfo [name: default]
2025-05-22 18:52:06 [main] INFO  o.s.o.j.p.SpringPersistenceUnitInfo - No LoadTimeWeaver setup: ignoring JPA class transformer
2025-05-22 18:52:06 [main] INFO  com.zaxxer.hikari.HikariDataSource - HikariPool-2 - Starting...
2025-05-22 18:52:06 [main] INFO  com.zaxxer.hikari.pool.HikariPool - HikariPool-2 - Added connection conn5: url=jdbc:h2:mem:testdb user=SA
2025-05-22 18:52:06 [main] INFO  com.zaxxer.hikari.HikariDataSource - HikariPool-2 - Start completed.
2025-05-22 18:52:06 [main] WARN  org.hibernate.orm.deprecation - HHH90000025: H2Dialect does not need to be specified explicitly using 'hibernate.dialect' (remove the property setting and it will be selected by default)
2025-05-22 18:52:06 [main] INFO  o.h.e.t.j.p.i.JtaPlatformInitiator - HHH000489: No JTA platform available (set 'hibernate.transaction.jta.platform' to enable JTA platform integration)
Hibernate: 
    drop table if exists layers cascade 
Hibernate: 
    drop table if exists logs cascade 
Hibernate: 
    drop table if exists users cascade 
Hibernate: 
    drop table if exists waveguides cascade 
Hibernate: 
    create table layers (
        d float(53) not null,
        e float(53) not null,
        im_eps float(53) not null,
        layer_index integer not null,
        re_eps float(53) not null,
        id uuid not null,
        waveguide_id uuid not null,
        primary key (id),
        constraint uk_waveguide_layer_index unique (waveguide_id, layer_index)
    )
Hibernate: 
    create table logs (
        created_at timestamp(6) not null,
        id uuid not null,
        user_id uuid not null,
        action varchar(255) not null,
        details varchar(255),
        primary key (id)
    )
Hibernate: 
    create table users (
        created_at timestamp(6) not null,
        id uuid not null,
        username varchar(100) not null unique,
        email varchar(255) not null unique,
        password_hash varchar(255) not null,
        primary key (id)
    )
Hibernate: 
    create table waveguides (
        n_eff_max float(53) not null,
        n_eff_min float(53) not null,
        created_at timestamp(6) not null,
        id uuid not null,
        user_id uuid not null,
        primary key (id)
    )
Hibernate: 
    alter table if exists layers 
       add constraint FKfwx8hn1fo9rekxkbektc5if3l 
       foreign key (waveguide_id) 
       references waveguides
Hibernate: 
    alter table if exists logs 
       add constraint FKgqy8beil5y4almtq1tiyofije 
       foreign key (user_id) 
       references users
Hibernate: 
    alter table if exists waveguides 
       add constraint FK72kg7bih8rdvi563fg81ll93m 
       foreign key (user_id) 
       references users
2025-05-22 18:52:06 [main] INFO  o.s.o.j.LocalContainerEntityManagerFactoryBean - Initialized JPA EntityManagerFactory for persistence unit 'default'
2025-05-22 18:52:07 [main] INFO  o.s.s.web.DefaultSecurityFilterChain - Will secure any request with [org.springframework.security.web.session.DisableEncodeUrlFilter@e9a6b7b, org.springframework.security.web.context.request.async.WebAsyncManagerIntegrationFilter@747beca4, org.springframework.security.web.context.SecurityContextHolderFilter@197f7333, org.springframework.security.web.header.HeaderWriterFilter@34dd920b, org.springframework.web.filter.CorsFilter@2c91fd93, org.springframework.security.web.authentication.logout.LogoutFilter@42b71591, com.waveguide.security.JwtAuthenticationFilter@4859089e, org.springframework.security.web.savedrequest.RequestCacheAwareFilter@1b7aa329, org.springframework.security.web.servletapi.SecurityContextHolderAwareRequestFilter@43ef2787, org.springframework.security.web.authentication.AnonymousAuthenticationFilter@e63a7, org.springframework.security.web.session.SessionManagementFilter@311a44a9, org.springframework.security.web.access.ExceptionTranslationFilter@4e0dce1, org.springframework.security.web.access.intercept.AuthorizationFilter@3673481e]
2025-05-22 18:52:07 [main] DEBUG o.s.w.s.m.m.a.RequestMappingHandlerAdapter - ControllerAdvice beans: 0 @ModelAttribute, 0 @InitBinder, 1 RequestBodyAdvice, 1 ResponseBodyAdvice
2025-05-22 18:52:07 [main] DEBUG o.s.w.s.m.m.a.RequestMappingHandlerMapping - 16 mappings in 'requestMappingHandlerMapping'
2025-05-22 18:52:07 [main] DEBUG o.s.w.s.h.SimpleUrlHandlerMapping - Patterns [/webjars/**, /**, /swagger-ui*/*swagger-initializer.js, /swagger-ui*/**] in 'resourceHandlerMapping'
2025-05-22 18:52:07 [main] DEBUG o.s.w.s.m.m.a.ExceptionHandlerExceptionResolver - ControllerAdvice beans: 2 @ExceptionHandler, 1 ResponseBodyAdvice
2025-05-22 18:52:07 [scheduling-1] DEBUG c.w.security.JwtTokenBlacklist - Cleaned up expired tokens from blacklist
2025-05-22 18:52:07 [main] INFO  c.w.WaveguideManagementSystemApplicationTests - Started WaveguideManagementSystemApplicationTests in 0.725 seconds (process running for 10.366)
]]></system-out>
  </testcase>
</testsuite>